Traceback (most recent call last):
  File "/usr/share/miniconda/envs/foss4g/lib/python3.10/site-packages/jupyter_cache/executors/utils.py", line 51, in single_nb_execution
    executenb(
  File "/usr/share/miniconda/envs/foss4g/lib/python3.10/site-packages/nbclient/client.py", line 1204, in execute
    return NotebookClient(nb=nb, resources=resources, km=km, **kwargs).execute()
  File "/usr/share/miniconda/envs/foss4g/lib/python3.10/site-packages/nbclient/util.py", line 84, in wrapped
    return just_run(coro(*args, **kwargs))
  File "/usr/share/miniconda/envs/foss4g/lib/python3.10/site-packages/nbclient/util.py", line 62, in just_run
    return loop.run_until_complete(coro)
  File "/usr/share/miniconda/envs/foss4g/lib/python3.10/asyncio/base_events.py", line 646, in run_until_complete
    return future.result()
  File "/usr/share/miniconda/envs/foss4g/lib/python3.10/site-packages/nbclient/client.py", line 663, in async_execute
    await self.async_execute_cell(
  File "/usr/share/miniconda/envs/foss4g/lib/python3.10/site-packages/nbclient/client.py", line 965, in async_execute_cell
    await self._check_raise_for_error(cell, cell_index, exec_reply)
  File "/usr/share/miniconda/envs/foss4g/lib/python3.10/site-packages/nbclient/client.py", line 862, in _check_raise_for_error
    raise CellExecutionError.from_cell_and_msg(cell, exec_reply_content)
nbclient.exceptions.CellExecutionError: An error occurred while executing the following cell:
------------------
import holoviews as hv
import hvplot.xarray    
plots = [LTS_plot[z].hvplot.image(x = 'lon', y = 'lat',
           cmap='RdYlGn', clim=(0.0,0.9)
           , alpha=0.7,rasterize=True,
           geo=True, tiles= 'CartoLight',
           width=400, height=300)  for z in ['min','max']]
hv.Layout(plots).cols(1).opts(title='LTS NDVI statistics (Minimum and Maximum)')
------------------

[0;31m---------------------------------------------------------------------------[0m
[0;31mImportError[0m                               Traceback (most recent call last)
File [0;32m/usr/share/miniconda/envs/foss4g/lib/python3.10/site-packages/hvplot/converter.py:1230[0m, in [0;36mHoloViewsConverter.__call__[0;34m(self, kind, x, y)[0m
[1;32m   1229[0m [38;5;28;01mtry[39;00m:
[0;32m-> 1230[0m     [38;5;28;01mfrom[39;00m [38;5;21;01mholoviews[39;00m[38;5;21;01m.[39;00m[38;5;21;01moperation[39;00m[38;5;21;01m.[39;00m[38;5;21;01mdatashader[39;00m [38;5;28;01mimport[39;00m datashade, rasterize, dynspread
[1;32m   1231[0m     [38;5;28;01mfrom[39;00m [38;5;21;01mdatashader[39;00m [38;5;28;01mimport[39;00m reductions

File [0;32m/usr/share/miniconda/envs/foss4g/lib/python3.10/site-packages/holoviews/operation/datashader.py:10[0m, in [0;36m<module>[0;34m[0m
[1;32m      9[0m [38;5;28;01mimport[39;00m [38;5;21;01mxarray[39;00m [38;5;28;01mas[39;00m [38;5;21;01mxr[39;00m
[0;32m---> 10[0m [38;5;28;01mimport[39;00m [38;5;21;01mdatashader[39;00m [38;5;28;01mas[39;00m [38;5;21;01mds[39;00m
[1;32m     11[0m [38;5;28;01mimport[39;00m [38;5;21;01mdatashader[39;00m[38;5;21;01m.[39;00m[38;5;21;01mreductions[39;00m [38;5;28;01mas[39;00m [38;5;21;01mrd[39;00m

File [0;32m/usr/share/miniconda/envs/foss4g/lib/python3.10/site-packages/datashader/__init__.py:8[0m, in [0;36m<module>[0;34m[0m
[1;32m      6[0m __version__ [38;5;241m=[39m [38;5;28mstr[39m(param[38;5;241m.[39mversion[38;5;241m.[39mVersion(fpath[38;5;241m=[39m[38;5;18m__file__[39m, archive_commit[38;5;241m=[39m[38;5;124m"[39m[38;5;124m$Format:[39m[38;5;124m%[39m[38;5;124mh$[39m[38;5;124m"[39m,reponame[38;5;241m=[39m[38;5;124m"[39m[38;5;124mdatashader[39m[38;5;124m"[39m))
[0;32m----> 8[0m [38;5;28;01mfrom[39;00m [38;5;21;01m.[39;00m[38;5;21;01mcore[39;00m [38;5;28;01mimport[39;00m Canvas                                 [38;5;66;03m# noqa (API import)[39;00m
[1;32m      9[0m [38;5;28;01mfrom[39;00m [38;5;21;01m.[39;00m[38;5;21;01mreductions[39;00m [38;5;28;01mimport[39;00m [38;5;241m*[39m                                [38;5;66;03m# noqa (API import)[39;00m

File [0;32m/usr/share/miniconda/envs/foss4g/lib/python3.10/site-packages/datashader/core.py:13[0m, in [0;36m<module>[0;34m[0m
[1;32m     11[0m [38;5;28;01mfrom[39;00m [38;5;21;01mcollections[39;00m [38;5;28;01mimport[39;00m OrderedDict
[0;32m---> 13[0m [38;5;28;01mfrom[39;00m [38;5;21;01m.[39;00m[38;5;21;01mutils[39;00m [38;5;28;01mimport[39;00m Dispatcher, ngjit, calc_res, calc_bbox, orient_array, \
[1;32m     14[0m     dshape_from_xarray_dataset
[1;32m     15[0m [38;5;28;01mfrom[39;00m [38;5;21;01m.[39;00m[38;5;21;01mutils[39;00m [38;5;28;01mimport[39;00m get_indices, dshape_from_pandas, dshape_from_dask

File [0;32m/usr/share/miniconda/envs/foss4g/lib/python3.10/site-packages/datashader/utils.py:8[0m, in [0;36m<module>[0;34m[0m
[1;32m      6[0m [38;5;28;01mfrom[39;00m [38;5;21;01minspect[39;00m [38;5;28;01mimport[39;00m getmro
[0;32m----> 8[0m [38;5;28;01mimport[39;00m [38;5;21;01mnumba[39;00m [38;5;28;01mas[39;00m [38;5;21;01mnb[39;00m
[1;32m      9[0m [38;5;28;01mimport[39;00m [38;5;21;01mnumpy[39;00m [38;5;28;01mas[39;00m [38;5;21;01mnp[39;00m

File [0;32m/usr/share/miniconda/envs/foss4g/lib/python3.10/site-packages/numba/__init__.py:200[0m, in [0;36m<module>[0;34m[0m
[1;32m    199[0m _ensure_llvm()
[0;32m--> 200[0m [43m_ensure_critical_deps[49m[43m([49m[43m)[49m
[1;32m    202[0m [38;5;66;03m# we know llvmlite is working as the above tests passed, import it now as SVML[39;00m
[1;32m    203[0m [38;5;66;03m# needs to mutate runtime options (sets the `-vector-library`).[39;00m

File [0;32m/usr/share/miniconda/envs/foss4g/lib/python3.10/site-packages/numba/__init__.py:140[0m, in [0;36m_ensure_critical_deps[0;34m()[0m
[1;32m    139[0m [38;5;28;01melif[39;00m numpy_version [38;5;241m>[39m ([38;5;241m1[39m, [38;5;241m21[39m):
[0;32m--> 140[0m     [38;5;28;01mraise[39;00m [38;5;167;01mImportError[39;00m([38;5;124m"[39m[38;5;124mNumba needs NumPy 1.21 or less[39m[38;5;124m"[39m)
[1;32m    142[0m [38;5;28;01mtry[39;00m:

[0;31mImportError[0m: Numba needs NumPy 1.21 or less

During handling of the above exception, another exception occurred:

[0;31mImportError[0m                               Traceback (most recent call last)
Input [0;32mIn [26][0m, in [0;36m<cell line: 3>[0;34m()[0m
[1;32m      1[0m [38;5;28;01mimport[39;00m [38;5;21;01mholoviews[39;00m [38;5;28;01mas[39;00m [38;5;21;01mhv[39;00m
[1;32m      2[0m [38;5;28;01mimport[39;00m [38;5;21;01mhvplot[39;00m[38;5;21;01m.[39;00m[38;5;21;01mxarray[39;00m    
[0;32m----> 3[0m plots [38;5;241m=[39m [LTS_plot[z][38;5;241m.[39mhvplot[38;5;241m.[39mimage(x [38;5;241m=[39m [38;5;124m'[39m[38;5;124mlon[39m[38;5;124m'[39m, y [38;5;241m=[39m [38;5;124m'[39m[38;5;124mlat[39m[38;5;124m'[39m,
[1;32m      4[0m            cmap[38;5;241m=[39m[38;5;124m'[39m[38;5;124mRdYlGn[39m[38;5;124m'[39m, clim[38;5;241m=[39m([38;5;241m0.0[39m,[38;5;241m0.9[39m)
[1;32m      5[0m            , alpha[38;5;241m=[39m[38;5;241m0.7[39m,rasterize[38;5;241m=[39m[38;5;28;01mTrue[39;00m,
[1;32m      6[0m            geo[38;5;241m=[39m[38;5;28;01mTrue[39;00m, tiles[38;5;241m=[39m [38;5;124m'[39m[38;5;124mCartoLight[39m[38;5;124m'[39m,
[1;32m      7[0m            width[38;5;241m=[39m[38;5;241m400[39m, height[38;5;241m=[39m[38;5;241m300[39m)  [38;5;28;01mfor[39;00m z [38;5;129;01min[39;00m [[38;5;124m'[39m[38;5;124mmin[39m[38;5;124m'[39m,[38;5;124m'[39m[38;5;124mmax[39m[38;5;124m'[39m]]
[1;32m      8[0m hv[38;5;241m.[39mLayout(plots)[38;5;241m.[39mcols([38;5;241m1[39m)[38;5;241m.[39mopts(title[38;5;241m=[39m[38;5;124m'[39m[38;5;124mLTS NDVI statistics (Minimum and Maximum)[39m[38;5;124m'[39m)

Input [0;32mIn [26][0m, in [0;36m<listcomp>[0;34m(.0)[0m
[1;32m      1[0m [38;5;28;01mimport[39;00m [38;5;21;01mholoviews[39;00m [38;5;28;01mas[39;00m [38;5;21;01mhv[39;00m
[1;32m      2[0m [38;5;28;01mimport[39;00m [38;5;21;01mhvplot[39;00m[38;5;21;01m.[39;00m[38;5;21;01mxarray[39;00m    
[0;32m----> 3[0m plots [38;5;241m=[39m [[43mLTS_plot[49m[43m[[49m[43mz[49m[43m][49m[38;5;241;43m.[39;49m[43mhvplot[49m[38;5;241;43m.[39;49m[43mimage[49m[43m([49m[43mx[49m[43m [49m[38;5;241;43m=[39;49m[43m [49m[38;5;124;43m'[39;49m[38;5;124;43mlon[39;49m[38;5;124;43m'[39;49m[43m,[49m[43m [49m[43my[49m[43m [49m[38;5;241;43m=[39;49m[43m [49m[38;5;124;43m'[39;49m[38;5;124;43mlat[39;49m[38;5;124;43m'[39;49m[43m,[49m
[1;32m      4[0m [43m           [49m[43mcmap[49m[38;5;241;43m=[39;49m[38;5;124;43m'[39;49m[38;5;124;43mRdYlGn[39;49m[38;5;124;43m'[39;49m[43m,[49m[43m [49m[43mclim[49m[38;5;241;43m=[39;49m[43m([49m[38;5;241;43m0.0[39;49m[43m,[49m[38;5;241;43m0.9[39;49m[43m)[49m
[1;32m      5[0m [43m           [49m[43m,[49m[43m [49m[43malpha[49m[38;5;241;43m=[39;49m[38;5;241;43m0.7[39;49m[43m,[49m[43mrasterize[49m[38;5;241;43m=[39;49m[38;5;28;43;01mTrue[39;49;00m[43m,[49m
[1;32m      6[0m [43m           [49m[43mgeo[49m[38;5;241;43m=[39;49m[38;5;28;43;01mTrue[39;49;00m[43m,[49m[43m [49m[43mtiles[49m[38;5;241;43m=[39;49m[43m [49m[38;5;124;43m'[39;49m[38;5;124;43mCartoLight[39;49m[38;5;124;43m'[39;49m[43m,[49m
[1;32m      7[0m [43m           [49m[43mwidth[49m[38;5;241;43m=[39;49m[38;5;241;43m400[39;49m[43m,[49m[43m [49m[43mheight[49m[38;5;241;43m=[39;49m[38;5;241;43m300[39;49m[43m)[49m  [38;5;28;01mfor[39;00m z [38;5;129;01min[39;00m [[38;5;124m'[39m[38;5;124mmin[39m[38;5;124m'[39m,[38;5;124m'[39m[38;5;124mmax[39m[38;5;124m'[39m]]
[1;32m      8[0m hv[38;5;241m.[39mLayout(plots)[38;5;241m.[39mcols([38;5;241m1[39m)[38;5;241m.[39mopts(title[38;5;241m=[39m[38;5;124m'[39m[38;5;124mLTS NDVI statistics (Minimum and Maximum)[39m[38;5;124m'[39m)

File [0;32m/usr/share/miniconda/envs/foss4g/lib/python3.10/site-packages/hvplot/plotting/core.py:651[0m, in [0;36mhvPlot.image[0;34m(self, x, y, z, colorbar, **kwds)[0m
[1;32m    631[0m [38;5;28;01mdef[39;00m [38;5;21mimage[39m([38;5;28mself[39m, x[38;5;241m=[39m[38;5;28;01mNone[39;00m, y[38;5;241m=[39m[38;5;28;01mNone[39;00m, z[38;5;241m=[39m[38;5;28;01mNone[39;00m, colorbar[38;5;241m=[39m[38;5;28;01mTrue[39;00m, [38;5;241m*[39m[38;5;241m*[39mkwds):
[1;32m    632[0m     [38;5;124;03m"""[39;00m
[1;32m    633[0m [38;5;124;03m    Image plot[39;00m
[1;32m    634[0m 
[0;32m   (...)[0m
[1;32m    649[0m [38;5;124;03m        The HoloViews representation of the plot.[39;00m
[1;32m    650[0m [38;5;124;03m    """[39;00m
[0;32m--> 651[0m     [38;5;28;01mreturn[39;00m [38;5;28;43mself[39;49m[43m([49m[43mx[49m[43m,[49m[43m [49m[43my[49m[43m,[49m[43m [49m[43mz[49m[38;5;241;43m=[39;49m[43mz[49m[43m,[49m[43m [49m[43mkind[49m[38;5;241;43m=[39;49m[38;5;124;43m'[39;49m[38;5;124;43mimage[39;49m[38;5;124;43m'[39;49m[43m,[49m[43m [49m[43mcolorbar[49m[38;5;241;43m=[39;49m[43mcolorbar[49m[43m,[49m[43m [49m[38;5;241;43m*[39;49m[38;5;241;43m*[39;49m[43mkwds[49m[43m)[49m

File [0;32m/usr/share/miniconda/envs/foss4g/lib/python3.10/site-packages/hvplot/plotting/core.py:82[0m, in [0;36mhvPlotBase.__call__[0;34m(self, x, y, kind, **kwds)[0m
[1;32m     79[0m         plot [38;5;241m=[39m [38;5;28mself[39m[38;5;241m.[39m_get_converter(x, y, kind, [38;5;241m*[39m[38;5;241m*[39mkwds)(kind, x, y)
[1;32m     80[0m         [38;5;28;01mreturn[39;00m pn[38;5;241m.[39mpanel(plot, [38;5;241m*[39m[38;5;241m*[39mpanel_dict)
[0;32m---> 82[0m [38;5;28;01mreturn[39;00m [38;5;28;43mself[39;49m[38;5;241;43m.[39;49m[43m_get_converter[49m[43m([49m[43mx[49m[43m,[49m[43m [49m[43my[49m[43m,[49m[43m [49m[43mkind[49m[43m,[49m[43m [49m[38;5;241;43m*[39;49m[38;5;241;43m*[39;49m[43mkwds[49m[43m)[49m[43m([49m[43mkind[49m[43m,[49m[43m [49m[43mx[49m[43m,[49m[43m [49m[43my[49m[43m)[49m

File [0;32m/usr/share/miniconda/envs/foss4g/lib/python3.10/site-packages/hvplot/converter.py:1233[0m, in [0;36mHoloViewsConverter.__call__[0;34m(self, kind, x, y)[0m
[1;32m   1231[0m     [38;5;28;01mfrom[39;00m [38;5;21;01mdatashader[39;00m [38;5;28;01mimport[39;00m reductions
[1;32m   1232[0m [38;5;28;01mexcept[39;00m [38;5;167;01mImportError[39;00m:
[0;32m-> 1233[0m     [38;5;28;01mraise[39;00m [38;5;167;01mImportError[39;00m([38;5;124m'[39m[38;5;124mIn order to use datashading features [39m[38;5;124m'[39m
[1;32m   1234[0m             [38;5;124m'[39m[38;5;124mthe Datashader library must be available. [39m[38;5;124m'[39m
[1;32m   1235[0m             [38;5;124m'[39m[38;5;124mIt can be installed with:[39m[38;5;130;01m\n[39;00m[38;5;124m  conda [39m[38;5;124m'[39m
[1;32m   1236[0m             [38;5;124m'[39m[38;5;124minstall -c pyviz datashader[39m[38;5;124m'[39m)
[1;32m   1238[0m opts [38;5;241m=[39m [38;5;28mdict[39m(dynamic[38;5;241m=[39m[38;5;28mself[39m[38;5;241m.[39mdynamic)
[1;32m   1239[0m [38;5;28;01mif[39;00m [38;5;28mself[39m[38;5;241m.[39m_plot_opts[38;5;241m.[39mget([38;5;124m'[39m[38;5;124mwidth[39m[38;5;124m'[39m) [38;5;129;01mis[39;00m [38;5;129;01mnot[39;00m [38;5;28;01mNone[39;00m:

[0;31mImportError[0m: In order to use datashading features the Datashader library must be available. It can be installed with:
  conda install -c pyviz datashader
ImportError: In order to use datashading features the Datashader library must be available. It can be installed with:
  conda install -c pyviz datashader

